#
# There is insufficient memory for the Java Runtime Environment to continue.
# Native memory allocation (mmap) failed to map 65536 bytes for Failed to commit area from 0x000001da7c150000 to 0x000001da7c160000 of length 65536.
# Possible reasons:
#   The system is out of physical RAM or swap space
#   The process is running with CompressedOops enabled, and the Java Heap may be blocking the growth of the native heap
# Possible solutions:
#   Reduce memory load on the system
#   Increase physical memory or swap space
#   Check if swap backing store is full
#   Decrease Java heap size (-Xmx/-Xms)
#   Decrease number of Java threads
#   Decrease Java thread stack sizes (-Xss)
#   Set larger code cache with -XX:ReservedCodeCacheSize=
# This output file may be truncated or incomplete.
#
#  Out of Memory Error (./src/hotspot/os/windows/os_windows.cpp:3619), pid=29092, tid=4208
#
# JRE version:  (11.0.13+7) (build )
# Java VM: OpenJDK 64-Bit Server VM (11.0.13+7-b1751.19, mixed mode, sharing, tiered, compressed oops, g1 gc, windows-amd64)
# No core dump will be written. Minidumps are not enabled by default on client versions of Windows
#

---------------  S U M M A R Y ------------

Command Line: -Djava.rmi.server.hostname=127.0.0.1 -Duser.timezone=UTC -Xmx4096m -Xms1280m -Dfile.encoding=UTF-8 com.intellij.database.remote.RemoteJdbcServer com.mysql.cj.jdbc.Driver

Host: 11th Gen Intel(R) Core(TM) i5-1135G7 @ 2.40GHz, 8 cores, 15G,  Windows 10 , 64 bit Build 19041 (10.0.19041.1503)
Time: Tue Dec 10 11:13:57 2024 中国标准时间 elapsed time: 0.028303 seconds (0d 0h 0m 0s)

---------------  T H R E A D  ---------------

Current thread (0x000001da6879d800):  JavaThread "Unknown thread" [_thread_in_vm, id=4208, stack(0x000000d9f4b00000,0x000000d9f4c00000)]

Stack: [0x000000d9f4b00000,0x000000d9f4c00000]
Native frames: (J=compiled Java code, j=interpreted, Vv=VM code, C=native code)
V  [jvm.dll+0x613ada]
V  [jvm.dll+0x799a80]
V  [jvm.dll+0x79b09d]
V  [jvm.dll+0x79b773]
V  [jvm.dll+0x24c4c8]
V  [jvm.dll+0x610b64]
V  [jvm.dll+0x605855]
V  [jvm.dll+0x30aaeb]
V  [jvm.dll+0x30aa5a]
V  [jvm.dll+0x30a932]
V  [jvm.dll+0x30f9a5]
V  [jvm.dll+0x3592db]
V  [jvm.dll+0x359996]
V  [jvm.dll+0x359393]
V  [jvm.dll+0x2e5308]
V  [jvm.dll+0x2e64b7]
V  [jvm.dll+0x7769c7]
V  [jvm.dll+0x7781bc]
V  [jvm.dll+0x366829]
V  [jvm.dll+0x75a52e]
V  [jvm.dll+0x3d4923]
V  [jvm.dll+0x3d6e91]
C  [jli.dll+0x536b]
C  [ucrtbase.dll+0x21bb2]
C  [KERNEL32.DLL+0x17034]
C  [ntdll.dll+0x52651]


---------------  P R O C E S S  ---------------

Threads class SMR info:
_java_thread_list=0x000001da666a1df0, length=0, elements={
}

Java Threads: ( => current thread )

Other Threads:
  0x000001da687b6000 GCTaskThread "GC Thread#0" [stack: 0x000000d9f4c00000,0x000000d9f4d00000] [id=22808]
  0x000001da68812000 ConcurrentGCThread "G1 Main Marker" [stack: 0x000000d9f4d00000,0x000000d9f4e00000] [id=13852]
  0x000001da68815800 ConcurrentGCThread "G1 Conc#0" [stack: 0x000000d9f4e00000,0x000000d9f4f00000] [id=10916]

[error occurred during error reporting (printing all threads), id 0xc0000005, EXCEPTION_ACCESS_VIOLATION (0xc0000005) at pc=0x00007ffb25075b77]

VM state:not at safepoint (not fully initialized)

VM Mutex/Monitor currently owned by a thread:  ([mutex/lock_event])
[0x000001da68799950] Heap_lock - owner thread: 0x000001da6879d800

Heap address: 0x0000000700000000, size: 4096 MB, Compressed Oops mode: Non-zero based: 0x0000000700000000
Narrow klass base: 0x0000000000000000, Narrow klass shift: 0

GC Heap History (0 events):
No events

Deoptimization events (0 events):
No events

Classes redefined (0 events):
No events

Internal exceptions (0 events):
No events

Events (1 events):
Event: 0.007 Loaded shared library D:\installer\idea\IntelliJ IDEA 2021.3\jbr\bin\zip.dll


Dynamic libraries:
0x00007ff7fd450000 - 0x00007ff7fd45a000 	D:\installer\idea\IntelliJ IDEA 2021.3\jbr\bin\java.exe
0x00007ffb82310000 - 0x00007ffb82505000 	C:\Windows\SYSTEM32\ntdll.dll
0x00007ffb82210000 - 0x00007ffb822ce000 	C:\Windows\System32\KERNEL32.DLL
0x00007ffb7fad0000 - 0x00007ffb7fd98000 	C:\Windows\System32\KERNELBASE.dll
0x00007ffb7fda0000 - 0x00007ffb7fea0000 	C:\Windows\System32\ucrtbase.dll
0x00007ffb74b10000 - 0x00007ffb74b29000 	D:\installer\idea\IntelliJ IDEA 2021.3\jbr\bin\jli.dll
0x00007ffb5fad0000 - 0x00007ffb5fae7000 	D:\installer\idea\IntelliJ IDEA 2021.3\jbr\bin\VCRUNTIME140.dll
0x00007ffb80910000 - 0x00007ffb80ab0000 	C:\Windows\System32\USER32.dll
0x00007ffb80330000 - 0x00007ffb80352000 	C:\Windows\System32\win32u.dll
0x00007ffb821e0000 - 0x00007ffb8220b000 	C:\Windows\System32\GDI32.dll
0x00007ffb70780000 - 0x00007ffb70a1a000 	C:\Windows\WinSxS\amd64_microsoft.windows.common-controls_6595b64144ccf1df_6.0.19041.1110_none_60b5254171f9507e\COMCTL32.dll
0x00007ffb7fea0000 - 0x00007ffb7ffad000 	C:\Windows\System32\gdi32full.dll
0x00007ffb80290000 - 0x00007ffb8032d000 	C:\Windows\System32\msvcp_win.dll
0x00007ffb807c0000 - 0x00007ffb8085e000 	C:\Windows\System32\msvcrt.dll
0x00007ffb80cb0000 - 0x00007ffb80ce0000 	C:\Windows\System32\IMM32.DLL
0x00007ffb37d20000 - 0x00007ffb37dbd000 	D:\installer\idea\IntelliJ IDEA 2021.3\jbr\bin\msvcp140.dll
0x00007ffb24d80000 - 0x00007ffb258f6000 	D:\installer\idea\IntelliJ IDEA 2021.3\jbr\bin\server\jvm.dll
0x00007ffb81f20000 - 0x00007ffb81fce000 	C:\Windows\System32\ADVAPI32.dll
0x00007ffb80360000 - 0x00007ffb803fc000 	C:\Windows\System32\sechost.dll
0x00007ffb81fe0000 - 0x00007ffb82105000 	C:\Windows\System32\RPCRT4.dll
0x00007ffb81fd0000 - 0x00007ffb81fd8000 	C:\Windows\System32\PSAPI.DLL
0x00007ffb60ee0000 - 0x00007ffb60ee9000 	C:\Windows\SYSTEM32\WSOCK32.dll
0x00007ffb7d090000 - 0x00007ffb7d0b7000 	C:\Windows\SYSTEM32\WINMM.dll
0x00007ffb82110000 - 0x00007ffb8217b000 	C:\Windows\System32\WS2_32.dll
0x00007ffb773a0000 - 0x00007ffb773aa000 	C:\Windows\SYSTEM32\VERSION.dll
0x00007ffb7e2a0000 - 0x00007ffb7e2b2000 	C:\Windows\SYSTEM32\kernel.appcore.dll
0x00007ffb79080000 - 0x00007ffb79091000 	D:\installer\idea\IntelliJ IDEA 2021.3\jbr\bin\verify.dll
0x00007ffb7d650000 - 0x00007ffb7d834000 	C:\Windows\SYSTEM32\DBGHELP.DLL
0x00007ffb60fd0000 - 0x00007ffb60ffc000 	C:\Windows\SYSTEM32\dbgcore.DLL
0x00007ffb80180000 - 0x00007ffb80202000 	C:\Windows\System32\bcryptPrimitives.dll
0x00007ffb777a0000 - 0x00007ffb777c9000 	D:\installer\idea\IntelliJ IDEA 2021.3\jbr\bin\java.dll
0x00007ffb773d0000 - 0x00007ffb773db000 	D:\installer\idea\IntelliJ IDEA 2021.3\jbr\bin\jimage.dll
0x00007ffb6a760000 - 0x00007ffb6a778000 	D:\installer\idea\IntelliJ IDEA 2021.3\jbr\bin\zip.dll

dbghelp: loaded successfully - version: 4.0.5 - missing functions: none
symbol engine: initialized successfully - sym options: 0x614 - pdb path: .;D:\installer\idea\IntelliJ IDEA 2021.3\jbr\bin;C:\Windows\SYSTEM32;C:\Windows\WinSxS\amd64_microsoft.windows.common-controls_6595b64144ccf1df_6.0.19041.1110_none_60b5254171f9507e;D:\installer\idea\IntelliJ IDEA 2021.3\jbr\bin\server

VM Arguments:
jvm_args: -Djava.rmi.server.hostname=127.0.0.1 -Duser.timezone=UTC -Xmx4096m -Xms1280m -Dfile.encoding=UTF-8 
java_command: com.intellij.database.remote.RemoteJdbcServer com.mysql.cj.jdbc.Driver
java_class_path (initial): D:\installer\idea\IntelliJ IDEA 2021.3\lib\util.jar;D:\installer\idea\IntelliJ IDEA 2021.3\lib\org_codehaus_groovy_groovy.jar;D:\installer\idea\IntelliJ IDEA 2021.3\plugins\DatabaseTools\lib\jdbc-console.jar;C:\Users\08012125\AppData\Roaming\JetBrains\IntelliJIdea2021.3\jdbc-drivers\MySQL ConnectorJ\8.0.25\mysql-connector-java-8.0.25.jar
Launcher Type: SUN_STANDARD

[Global flags]
     intx CICompilerCount                          = 4                                         {product} {ergonomic}
     uint ConcGCThreads                            = 2                                         {product} {ergonomic}
     uint G1ConcRefinementThreads                  = 8                                         {product} {ergonomic}
   size_t G1HeapRegionSize                         = 1048576                                   {product} {ergonomic}
    uintx GCDrainStackTargetSize                   = 64                                        {product} {ergonomic}
   size_t InitialHeapSize                          = 1342177280                                {product} {command line}
   size_t MarkStackSize                            = 4194304                                   {product} {ergonomic}
   size_t MaxHeapSize                              = 4294967296                                {product} {command line}
   size_t MinHeapDeltaBytes                        = 1048576                                   {product} {ergonomic}
    uintx NonNMethodCodeHeapSize                   = 5836300                                {pd product} {ergonomic}
    uintx NonProfiledCodeHeapSize                  = 122910970                              {pd product} {ergonomic}
    uintx ProfiledCodeHeapSize                     = 122910970                              {pd product} {ergonomic}
    uintx ReservedCodeCacheSize                    = 251658240                              {pd product} {ergonomic}
     bool SegmentedCodeCache                       = true                                      {product} {ergonomic}
     bool UseCompressedClassPointers               = true                                 {lp64_product} {ergonomic}
     bool UseCompressedOops                        = true                                 {lp64_product} {ergonomic}
     bool UseG1GC                                  = true                                      {product} {ergonomic}
     bool UseLargePagesIndividualAllocation        = false                                  {pd product} {ergonomic}

Logging:
Log output configuration:
 #0: stdout all=warning uptime,level,tags
 #1: stderr all=off uptime,level,tags

Environment Variables:
JAVA_HOME=D:\jdk-11.0.10
CLASSPATH=.;D:\jdk-11.0.10\lib\dt.jar;D:\jdk-11.0.10\lib\tools.jar;D:\jdk-11.0.10\lib\sqlite-jdbc-3.7.2.jar;
PATH=C:\Program Files (x86)\Common Files\Intel\Shared Libraries\redist\intel64_win\compiler;C:\Windows\System32\HWAudioDriverLibs;D:\jdk-11.0.10\bin;D:\installer\jdk\jdk1.8.181\jre;C:\Program Files (x86)\Common Files\Oracle\Java\javapath;C:\Windows\system32;C:\Windows;C:\Windows\System32\Wbem;C:\Windows\System32\WindowsPowerShell\v1.0\;C:\Windows\System32\OpenSSH\;D:\installer\python;D:\installer\python\Scripts;D:\installer\maven\apache-maven-3.8.4\bin;D:\installer\git\Git\cmd;D:\installer\sqlite;D:\installer\yeshen\Nox\bin;D:\package\php\php;D:\installer\putty\;D:\package\jdgui\jadx-1.1.0\bin;C:\Program Files\dotnet\;C:\Windows\system32\config\systemprofile\AppData\Local\Microsoft\WindowsApps;D:\installer\mingw\bin;D:\installer\openssl\OpenSSL-Win64\bin;D:\metasploit-framework\bin;D:\package\apktools;D:\installer\nodejs;D:\installer\nodejs\;D:\installer\微信开发者工具\微信web开发者工具\dll;D:\installer\go\bin;D:\package\mongodb\mongosh-2.1.5-win32-x64\bin;D:\installer\miniforge;D:\installer\miniforge\condabin;C:\metasploit-framework\bin\;D:\installer\logparser;D:\package\nc\netcat-win32-1.12\;D:\installer\ruby\Ruby27-x64\bin;C:\Users\08012125\AppData\Local\Microsoft\WindowsApps;D:\installer\nmap;D:\ll.bat;C:\Users\08012125\AppData\Roaming\npm;D:\installer\vscode\Microsoft VS Code\bin;C:\Users\08012125\go\bin;D:\installer\mongodb\;
USERNAME=08012125
OS=Windows_NT
PROCESSOR_IDENTIFIER=Intel64 Family 6 Model 140 Stepping 1, GenuineIntel



---------------  S Y S T E M  ---------------

OS: Windows 10 , 64 bit Build 19041 (10.0.19041.1503)
OS uptime: 15 days 1:04 hours

CPU:total 8 (initial active 8) (4 cores per cpu, 2 threads per core) family 6 model 140 stepping 1 microcode 0x8a, cmov, cx8, fxsr, mmx, sse, sse2, sse3, ssse3, sse4.1, sse4.2, popcnt, avx, avx2, aes, clmul, erms, 3dnowpref, lzcnt, ht, tsc, tscinvbit, bmi1, bmi2, adx, evex, sha, fma

Memory: 4k page, system-wide physical 16183M (4303M free)
TotalPageFile size 20279M (AvailPageFile size 3M)
current process WorkingSet (physical memory assigned to process): 51M, peak: 51M
current process commit charge ("private bytes"): 1387M, peak: 1387M

vm_info: OpenJDK 64-Bit Server VM (11.0.13+7-b1751.19) for windows-amd64 JRE (11.0.13+7-b1751.19), built on Nov  9 2021 11:31:28 by "" with MS VC++ 14.0 (VS2015)

END.
